<?xml version="1.0" encoding="UTF-8"?>
<testng-results ignored="0" total="1" passed="1" failed="0" skipped="0">
  <reporter-output>
    <line>
      <![CDATA[Element is clicking : Proxy element for: DefaultElementLocator 'By.xpath: (//a[text()='Sign Up Now'])[1]']]>
    </line>
    <line>
      <![CDATA[Element is clicking : Proxy element for: DefaultElementLocator 'By.id: exp-2688-avod-mo']]>
    </line>
    <line>
      <![CDATA[Element is clicking : [[ChromeDriver: chrome on MAC (be48d75feb9bdeb0077d0751f41133e6)] -> xpath: (//div[@class='input empty ce__Input__inputWrapper'])[1]]]]>
    </line>
    <line>
      <![CDATA[Muktadir : value passed to the element : [[ChromeDriver: chrome on MAC (be48d75feb9bdeb0077d0751f41133e6)] -> xpath: //input[@id='firstName']]]]>
    </line>
    <line>
      <![CDATA[Hussen : value passed to the element : [[ChromeDriver: chrome on MAC (be48d75feb9bdeb0077d0751f41133e6)] -> xpath: //input[@id='lastName']]]]>
    </line>
    <line>
      <![CDATA[mhussen10@yahoo.com : value passed to the element : [[ChromeDriver: chrome on MAC (be48d75feb9bdeb0077d0751f41133e6)] -> xpath: //input[@id='email']]]]>
    </line>
  </reporter-output>
  <suite started-at="2022-05-12T19:23:14 EDT" name="Default suite" finished-at="2022-05-12T19:25:23 EDT" duration-ms="128614">
    <groups>
    </groups>
    <test started-at="2022-05-12T19:23:14 EDT" name="Default test" finished-at="2022-05-12T19:25:23 EDT" duration-ms="128614">
      <class name="hbo.qa.test.auto.HboTest">
        <test-method is-config="true" signature="setUp()[pri:0, instance:hbo.qa.test.auto.HboTest@383bfa16]" started-at="2022-05-12T19:23:14 EDT" name="setUp" finished-at="2022-05-12T19:23:20 EDT" duration-ms="5881" status="PASS">
          <reporter-output>
          </reporter-output>
        </test-method> <!-- setUp -->
        <test-method signature="hboTest()[pri:0, instance:hbo.qa.test.auto.HboTest@383bfa16]" started-at="2022-05-12T19:23:20 EDT" name="hboTest" finished-at="2022-05-12T19:23:43 EDT" duration-ms="22483" status="PASS">
          <reporter-output>
            <line>
              <![CDATA[Element is clicking : Proxy element for: DefaultElementLocator 'By.xpath: (//a[text()='Sign Up Now'])[1]']]>
            </line>
            <line>
              <![CDATA[Element is clicking : Proxy element for: DefaultElementLocator 'By.id: exp-2688-avod-mo']]>
            </line>
            <line>
              <![CDATA[Element is clicking : [[ChromeDriver: chrome on MAC (be48d75feb9bdeb0077d0751f41133e6)] -> xpath: (//div[@class='input empty ce__Input__inputWrapper'])[1]]]]>
            </line>
            <line>
              <![CDATA[Muktadir : value passed to the element : [[ChromeDriver: chrome on MAC (be48d75feb9bdeb0077d0751f41133e6)] -> xpath: //input[@id='firstName']]]]>
            </line>
            <line>
              <![CDATA[Hussen : value passed to the element : [[ChromeDriver: chrome on MAC (be48d75feb9bdeb0077d0751f41133e6)] -> xpath: //input[@id='lastName']]]]>
            </line>
            <line>
              <![CDATA[mhussen10@yahoo.com : value passed to the element : [[ChromeDriver: chrome on MAC (be48d75feb9bdeb0077d0751f41133e6)] -> xpath: //input[@id='email']]]]>
            </line>
          </reporter-output>
        </test-method> <!-- hboTest -->
        <test-method is-config="true" signature="cleaningUp()[pri:0, instance:hbo.qa.test.auto.HboTest@383bfa16]" started-at="2022-05-12T19:23:43 EDT" name="cleaningUp" finished-at="2022-05-12T19:25:23 EDT" duration-ms="100215" status="PASS">
          <reporter-output>
          </reporter-output>
        </test-method> <!-- cleaningUp -->
      </class> <!-- hbo.qa.test.auto.HboTest -->
    </test> <!-- Default test -->
  </suite> <!-- Default suite -->
</testng-results>
